<?xml version="1.0" encoding="UTF-8"?>
<!-- Generated by org.testng.reporters.JUnitReportReporter -->
<testsuite hostname="L_RA_1202" failures="0" tests="1" name="org.testRunner.TestRunner" time="41.827" errors="0" timestamp="2024-11-27T12:37:17 IST" skipped="0">
  <testcase classname="org.testRunner.TestRunner" name="runScenario" time="41.827"/>
  <system-out/>
</testsuite> <!-- org.testRunner.TestRunner -->
