<?xml version="1.0" encoding="UTF-8"?>
<!-- Generated by org.testng.reporters.JUnitReportReporter -->
<testsuite hostname="L_RA_1202" failures="0" tests="5" name="org.testRunner.TestRunner" time="49.383" errors="0" timestamp="2024-11-21T15:52:02 IST" skipped="0">
  <testcase classname="org.testRunner.TestRunner" name="runScenario" time="9.832"/>
  <system-out/>
  <testcase classname="org.testRunner.TestRunner" name="runScenario" time="10.470"/>
  <system-out/>
  <testcase classname="org.testRunner.TestRunner" name="runScenario" time="10.813"/>
  <system-out/>
  <testcase classname="org.testRunner.TestRunner" name="runScenario" time="9.560"/>
  <system-out/>
  <testcase classname="org.testRunner.TestRunner" name="runScenario" time="8.708"/>
  <system-out/>
</testsuite> <!-- org.testRunner.TestRunner -->
