<?xml version="1.0" encoding="UTF-8"?>
<!-- Generated by org.testng.reporters.JUnitReportReporter -->
<testsuite hostname="L_RA_1202" failures="0" tests="3" name="org.testRunner.TestRunner" time="76.204" errors="0" timestamp="2024-11-21T10:40:30 IST" skipped="0">
  <testcase classname="org.testRunner.TestRunner" name="runScenario" time="17.803"/>
  <system-out/>
  <testcase classname="org.testRunner.TestRunner" name="runScenario" time="18.488"/>
  <system-out/>
  <testcase classname="org.testRunner.TestRunner" name="runScenario" time="39.913"/>
  <system-out/>
</testsuite> <!-- org.testRunner.TestRunner -->
