<?xml version="1.0" encoding="UTF-8"?>
<!-- Generated by org.testng.reporters.JUnitReportReporter -->
<testsuite hostname="L_RA_1202" failures="0" tests="1" name="org.testRunner.TestRunner" time="15.912" errors="0" timestamp="2024-11-21T22:14:04 IST" skipped="0">
  <testcase classname="org.testRunner.TestRunner" name="runScenario" time="15.912"/>
  <system-out/>
</testsuite> <!-- org.testRunner.TestRunner -->
