<?xml version="1.0" encoding="UTF-8"?>
<!-- Generated by org.testng.reporters.JUnitReportReporter -->
<testsuite hostname="L_RA_1202" failures="0" tests="1" name="org.testRunner.TestRunner" time="10.461" errors="0" timestamp="2024-11-22T15:36:59 IST" skipped="0">
  <testcase classname="org.testRunner.TestRunner" name="runScenario" time="10.461"/>
  <system-out/>
</testsuite> <!-- org.testRunner.TestRunner -->
